<?xml version="1.0" encoding="utf-8" standalone="no"?>
<test-results xmlns:xsi="http://www.w3.org/2001/XMLSchema-instance" xsi:noNamespaceSchemaLocation="nunit_schema_2.5.xsd" name="Pester" total="2" errors="0" failures="0" not-run="0" inconclusive="0" ignored="0" skipped="0" invalid="0" date="2018-03-04" time="11:16:01">
  <environment user="john" machine-name="LAPTOP-6IAPMO5T" cwd="C:\Working\Templates" user-domain="LAPTOP-6IAPMO5T" platform="Microsoft Windows 10 Home|C:\WINDOWS|\Device\Harddisk0\Partition3" nunit-version="2.5.8.0" os-version="10.0.16299" clr-version="4.0.30319.42000" />
  <culture-info current-culture="en-GB" current-uiculture="en-US" />
  <test-suite type="TestFixture" name="Pester" executed="True" result="Success" success="True" time="0.1341" asserts="0" description="Pester">
    <results>
      <test-suite type="TestFixture" name="C:\Working\Templates\Tests\Private\Invoke-PrivateFunction.Tests.ps1" executed="True" result="Success" success="True" time="0.0909" asserts="0" description="C:\Working\Templates\Tests\Private\Invoke-PrivateFunction.Tests.ps1">
        <results>
          <test-suite type="TestFixture" name="Invoke-PrivateFunction" executed="True" result="Success" success="True" time="0.0909" asserts="0" description="Invoke-PrivateFunction">
            <results>
              <test-case description="Should Be Invoke-PrivateFunction" name="Invoke-PrivateFunction.Should Be Invoke-PrivateFunction" time="0.0909" asserts="0" success="True" result="Success" executed="True" />
            </results>
          </test-suite>
        </results>
      </test-suite>
      <test-suite type="TestFixture" name="C:\Working\Templates\Tests\Public\Invoke-PublicFunction.Tests.ps1" executed="True" result="Success" success="True" time="0.0432" asserts="0" description="C:\Working\Templates\Tests\Public\Invoke-PublicFunction.Tests.ps1">
        <results>
          <test-suite type="TestFixture" name="Invoke-PublicFunction" executed="True" result="Success" success="True" time="0.0432" asserts="0" description="Invoke-PublicFunction">
            <results>
              <test-case description="Should return Invoke-PublicFunction" name="Invoke-PublicFunction.Should return Invoke-PublicFunction" time="0.0432" asserts="0" success="True" result="Success" executed="True" />
            </results>
          </test-suite>
        </results>
      </test-suite>
    </results>
  </test-suite>
</test-results>